Assembler report for monocicle
Tue Nov  5 22:30:20 2024
Quartus Prime Version 23.1std.1 Build 993 05/14/2024 SC Lite Edition


---------------------
; Table of Contents ;
---------------------
  1. Legal Notice
  2. Assembler Summary
  3. Assembler Settings
  4. Assembler Generated Files
  5. Assembler Device Options: C:/Users/valen/Escritorio/universidad/6semestre/ArquitecturadeComputadores/Monocicle_in_verilog/output_files/monocicle.sof
  6. Assembler Messages



----------------
; Legal Notice ;
----------------
Copyright (C) 2024  Intel Corporation. All rights reserved.
Your use of Intel Corporation's design tools, logic functions 
and other software and tools, and any partner logic 
functions, and any output files from any of the foregoing 
(including device programming or simulation files), and any 
associated documentation or information are expressly subject 
to the terms and conditions of the Intel Program License 
Subscription Agreement, the Intel Quartus Prime License Agreement,
the Intel FPGA IP License Agreement, or other applicable license
agreement, including, without limitation, that your use is for
the sole purpose of programming logic devices manufactured by
Intel and sold by Intel or its authorized distributors.  Please
refer to the applicable agreement for further details, at
https://fpgasoftware.intel.com/eula.



+---------------------------------------------------------------+
; Assembler Summary                                             ;
+-----------------------+---------------------------------------+
; Assembler Status      ; Successful - Tue Nov  5 22:30:20 2024 ;
; Revision Name         ; monocicle                             ;
; Top-level Entity Name ; monocicle                             ;
; Family                ; Cyclone V                             ;
; Device                ; 5CSEMA5F31C6                          ;
+-----------------------+---------------------------------------+


+----------------------------------+
; Assembler Settings               ;
+--------+---------+---------------+
; Option ; Setting ; Default Value ;
+--------+---------+---------------+


+----------------------------------------------------------------------------------------------------------------------------+
; Assembler Generated Files                                                                                                  ;
+----------------------------------------------------------------------------------------------------------------------------+
; File Name                                                                                                                  ;
+----------------------------------------------------------------------------------------------------------------------------+
; C:/Users/valen/Escritorio/universidad/6semestre/ArquitecturadeComputadores/Monocicle_in_verilog/output_files/monocicle.sof ;
+----------------------------------------------------------------------------------------------------------------------------+


+------------------------------------------------------------------------------------------------------------------------------------------------------+
; Assembler Device Options: C:/Users/valen/Escritorio/universidad/6semestre/ArquitecturadeComputadores/Monocicle_in_verilog/output_files/monocicle.sof ;
+----------------+-------------------------------------------------------------------------------------------------------------------------------------+
; Option         ; Setting                                                                                                                             ;
+----------------+-------------------------------------------------------------------------------------------------------------------------------------+
; JTAG usercode  ; 0x00F03BCA                                                                                                                          ;
; Checksum       ; 0x00F03BCA                                                                                                                          ;
+----------------+-------------------------------------------------------------------------------------------------------------------------------------+


+--------------------+
; Assembler Messages ;
+--------------------+
Info: *******************************************************************
Info: Running Quartus Prime Assembler
    Info: Version 23.1std.1 Build 993 05/14/2024 SC Lite Edition
    Info: Processing started: Tue Nov  5 22:29:58 2024
Info: Command: quartus_asm --read_settings_files=off --write_settings_files=off monocicle -c monocicle
Warning (125092): Tcl Script File ram_brayan.qip not found
    Info (125063): set_global_assignment -name QIP_FILE ram_brayan.qip
Info (115030): Assembler is generating device programming files
Info: Quartus Prime Assembler was successful. 0 errors, 1 warning
    Info: Peak virtual memory: 4873 megabytes
    Info: Processing ended: Tue Nov  5 22:30:20 2024
    Info: Elapsed time: 00:00:22
    Info: Total CPU time (on all processors): 00:00:21


